2016/07/07 21:15:07 にビルドを開始しました。
     1>ノード 2 上のプロジェクト "C:\Dev\DxLib315c\Win32Project nawatobi\Win32Project nawatobi\Win32Project nawatobi.vcxproj" (Build ターゲット)。
     1>ClCompile:
         C:\Program Files (x86)\Microsoft Visual Studio 14.0\VC\bin\CL.exe /c /IC:\Dev\DxLib315c /ZI /nologo /W3 /WX- /sdl /Od /Oy- /D WIN32 /D _DEBUG /D _WINDOWS /D _MBCS /Gm /EHsc /RTC1 /MTd /GS /fp:precise /Zc:wchar_t /Zc:forScope /Zc:inline /Fo"Debug\\" /Fd"Debug\vc140.pdb" /Gd /TP /analyze- /errorReport:prompt nawatobi.cpp
         nawatobi.cpp
     1>c:\dev\dxlib315c\win32project nawatobi\win32project nawatobi\nawatobi.cpp(33): warning C4244: '引数': 'double' から 'int' への変換です。データが失われる可能性があります。
     1>c:\dev\dxlib315c\win32project nawatobi\win32project nawatobi\nawatobi.cpp(60): warning C4244: '=': 'double' から 'int' への変換です。データが失われる可能性があります。
     1>c:\dev\dxlib315c\win32project nawatobi\win32project nawatobi\nawatobi.cpp(130): warning C4244: '=': 'double' から 'int' への変換です。データが失われる可能性があります。
     1>c:\dev\dxlib315c\win32project nawatobi\win32project nawatobi\nawatobi.cpp(154): warning C4244: '+=': 'float' から 'int' への変換です。データが失われる可能性があります。
     1>c:\dev\dxlib315c\win32project nawatobi\win32project nawatobi\nawatobi.cpp(155): warning C4244: '+=': 'float' から 'int' への変換です。データが失われる可能性があります。
     1>c:\dev\dxlib315c\win32project nawatobi\win32project nawatobi\nawatobi.cpp(156): warning C4244: '+=': 'float' から 'int' への変換です。データが失われる可能性があります。
     1>c:\dev\dxlib315c\win32project nawatobi\win32project nawatobi\nawatobi.cpp(162): warning C4101: 'i': ローカル変数は 1 度も使われていません。
     1>c:\dev\dxlib315c\win32project nawatobi\win32project nawatobi\nawatobi.cpp(377): warning C4244: '=': 'double' から 'int' への変換です。データが失われる可能性があります。
     1>c:\dev\dxlib315c\win32project nawatobi\win32project nawatobi\nawatobi.cpp(418): warning C4838: 'double' から 'float' への変換には縮小変換が必要です
     1>c:\dev\dxlib315c\win32project nawatobi\win32project nawatobi\nawatobi.cpp(418): warning C4305: '初期化中': 'double' から 'float' へ切り詰めます。
       Link:
         C:\Program Files (x86)\Microsoft Visual Studio 14.0\VC\bin\link.exe /ERRORREPORT:PROMPT /OUT:"C:\Dev\DxLib315c\Win32Project nawatobi\Debug\Win32Project nawatobi.exe" /INCREMENTAL /NOLOGO /LIBPATH:C:\Dev\DxLib315c kernel32.lib user32.lib gdi32.lib winspool.lib comdlg32.lib advapi32.lib shell32.lib ole32.lib oleaut32.lib uuid.lib odbc32.lib odbccp32.lib /MANIFEST /MANIFESTUAC:"level='asInvoker' uiAccess='false'" /manifest:embed /Debug /PDB:"C:\Dev\DxLib315c\Win32Project nawatobi\Debug\Win32Project nawatobi.pdb" /SUBSYSTEM:WINDOWS /TLBID:1 /DYNAMICBASE /NXCOMPAT /IMPLIB:"C:\Dev\DxLib315c\Win32Project nawatobi\Debug\Win32Project nawatobi.lib" /MACHINE:X86 Debug\nawatobi.obj
         Win32Project nawatobi.vcxproj -> C:\Dev\DxLib315c\Win32Project nawatobi\Debug\Win32Project nawatobi.exe
     1>プロジェクト "C:\Dev\DxLib315c\Win32Project nawatobi\Win32Project nawatobi\Win32Project nawatobi.vcxproj" (Build ターゲット) のビルドが完了しました。

ビルドに成功しました。

経過時間 00:00:04.34
